::1 - - [10/Jun/2026 08:35:00] "GET / HTTP/1.1" 200 -
::ffff:127.0.0.1 - - [10/Jun/2026 08:35:00] "GET /style.css HTTP/1.1" 200 -
::1 - - [10/Jun/2026 08:35:01] "GET /assets/studio-collage.png HTTP/1.1" 304 -
::1 - - [10/Jun/2026 08:35:01] "GET /script.js HTTP/1.1" 200 -
::1 - - [10/Jun/2026 08:39:06] "GET / HTTP/1.1" 200 -
::1 - - [10/Jun/2026 08:39:06] "GET /style.css HTTP/1.1" 200 -
::1 - - [10/Jun/2026 08:39:06] "GET / HTTP/1.1" 200 -
::1 - - [10/Jun/2026 08:39:06] "GET /assets/studio-collage.png HTTP/1.1" 200 -
::1 - - [10/Jun/2026 08:39:06] "GET /script.js HTTP/1.1" 200 -
::1 - - [10/Jun/2026 08:39:06] "GET /style.css HTTP/1.1" 200 -
::1 - - [10/Jun/2026 08:39:06] "GET /assets/studio-collage.png HTTP/1.1" 200 -
::1 - - [10/Jun/2026 08:39:06] "GET /script.js HTTP/1.1" 200 -
::1 - - [10/Jun/2026 08:40:22] "GET / HTTP/1.1" 200 -
::1 - - [10/Jun/2026 08:40:22] "GET / HTTP/1.1" 200 -
::1 - - [10/Jun/2026 08:40:22] "GET /style.css HTTP/1.1" 200 -
::1 - - [10/Jun/2026 08:40:22] "GET /style.css HTTP/1.1" 200 -
::1 - - [10/Jun/2026 08:40:22] "GET /assets/studio-collage.png HTTP/1.1" 200 -
::1 - - [10/Jun/2026 08:40:22] "GET /assets/studio-collage.png HTTP/1.1" 200 -
::1 - - [10/Jun/2026 08:40:22] "GET /script.js HTTP/1.1" 200 -
::1 - - [10/Jun/2026 08:40:22] "GET /script.js HTTP/1.1" 200 -
::1 - - [10/Jun/2026 08:41:23] "GET / HTTP/1.1" 200 -
::1 - - [10/Jun/2026 08:41:23] "GET /style.css HTTP/1.1" 200 -
::1 - - [10/Jun/2026 08:41:23] "GET /assets/studio-collage.png HTTP/1.1" 200 -
::1 - - [10/Jun/2026 08:41:23] "GET /script.js HTTP/1.1" 200 -
::1 - - [10/Jun/2026 08:46:25] "GET / HTTP/1.1" 200 -
::1 - - [10/Jun/2026 08:46:25] "GET / HTTP/1.1" 200 -
::1 - - [10/Jun/2026 08:46:25] "GET /style.css HTTP/1.1" 200 -
::1 - - [10/Jun/2026 08:46:25] "GET /assets/studio-collage.png HTTP/1.1" 200 -
::1 - - [10/Jun/2026 08:46:25] "GET /style.css HTTP/1.1" 200 -
::1 - - [10/Jun/2026 08:46:25] "GET /script.js HTTP/1.1" 200 -
::1 - - [10/Jun/2026 08:46:25] "GET /assets/studio-collage.png HTTP/1.1" 200 -
::1 - - [10/Jun/2026 08:46:25] "GET /script.js HTTP/1.1" 200 -
::1 - - [10/Jun/2026 08:48:25] "GET / HTTP/1.1" 304 -
::1 - - [10/Jun/2026 08:48:25] "GET /style.css HTTP/1.1" 200 -
::1 - - [10/Jun/2026 08:48:25] "GET /script.js HTTP/1.1" 200 -
::1 - - [10/Jun/2026 08:49:41] "GET / HTTP/1.1" 200 -
::1 - - [10/Jun/2026 08:49:41] "GET /style.css HTTP/1.1" 200 -
::1 - - [10/Jun/2026 08:49:41] "GET /assets/studio-collage.png HTTP/1.1" 200 -
::1 - - [10/Jun/2026 08:49:41] "GET /script.js HTTP/1.1" 200 -
::1 - - [10/Jun/2026 08:51:40] "GET / HTTP/1.1" 304 -
::1 - - [10/Jun/2026 08:51:40] "GET /style.css HTTP/1.1" 200 -
::1 - - [10/Jun/2026 08:51:40] "GET /script.js HTTP/1.1" 200 -
::1 - - [10/Jun/2026 08:54:14] "GET / HTTP/1.1" 200 -
::1 - - [10/Jun/2026 08:54:14] "GET /script.js HTTP/1.1" 304 -
::1 - - [10/Jun/2026 08:54:14] "GET /style.css HTTP/1.1" 304 -
::1 - - [10/Jun/2026 08:55:26] "GET / HTTP/1.1" 304 -
::1 - - [10/Jun/2026 08:55:26] "GET /style.css HTTP/1.1" 304 -
::1 - - [10/Jun/2026 08:55:26] "GET /script.js HTTP/1.1" 304 -
::1 - - [10/Jun/2026 09:01:57] "GET / HTTP/1.1" 200 -
::1 - - [10/Jun/2026 09:01:57] "GET / HTTP/1.1" 200 -
::1 - - [10/Jun/2026 09:01:57] "GET / HTTP/1.1" 200 -
::1 - - [10/Jun/2026 09:01:57] "GET /style.css HTTP/1.1" 200 -
::1 - - [10/Jun/2026 09:01:57] "GET /assets/studio-collage.png HTTP/1.1" 200 -
::1 - - [10/Jun/2026 09:01:57] "GET /script.js HTTP/1.1" 200 -
::1 - - [10/Jun/2026 09:01:57] "GET /style.css HTTP/1.1" 200 -
::1 - - [10/Jun/2026 09:01:57] "GET /style.css HTTP/1.1" 200 -
::1 - - [10/Jun/2026 09:01:57] "GET /assets/studio-collage.png HTTP/1.1" 200 -
::1 - - [10/Jun/2026 09:01:57] "GET /script.js HTTP/1.1" 200 -
::1 - - [10/Jun/2026 09:01:57] "GET /assets/studio-collage.png HTTP/1.1" 200 -
::1 - - [10/Jun/2026 09:01:57] "GET /script.js HTTP/1.1" 200 -
::1 - - [10/Jun/2026 09:01:57] "GET / HTTP/1.1" 200 -
::1 - - [10/Jun/2026 09:01:57] "GET /style.css HTTP/1.1" 200 -
::1 - - [10/Jun/2026 09:01:57] "GET /assets/studio-collage.png HTTP/1.1" 200 -
::ffff:127.0.0.1 - - [10/Jun/2026 09:01:57] "GET /script.js HTTP/1.1" 200 -
::1 - - [10/Jun/2026 09:03:18] "GET / HTTP/1.1" 200 -
::1 - - [10/Jun/2026 09:03:18] "GET /style.css HTTP/1.1" 200 -
::1 - - [10/Jun/2026 09:03:18] "GET /assets/studio-collage.png HTTP/1.1" 200 -
::1 - - [10/Jun/2026 09:03:18] "GET /script.js HTTP/1.1" 200 -
::1 - - [10/Jun/2026 09:03:52] "GET / HTTP/1.1" 200 -
::1 - - [10/Jun/2026 09:03:52] "GET / HTTP/1.1" 200 -
::1 - - [10/Jun/2026 09:03:52] "GET /style.css HTTP/1.1" 200 -
::1 - - [10/Jun/2026 09:03:52] "GET /style.css HTTP/1.1" 200 -
::1 - - [10/Jun/2026 09:03:52] "GET /assets/studio-collage.png HTTP/1.1" 200 -
::1 - - [10/Jun/2026 09:03:52] "GET /script.js HTTP/1.1" 200 -
::1 - - [10/Jun/2026 09:03:52] "GET /assets/studio-collage.png HTTP/1.1" 200 -
::1 - - [10/Jun/2026 09:03:52] "GET /script.js HTTP/1.1" 200 -
::1 - - [10/Jun/2026 09:05:10] "GET / HTTP/1.1" 200 -
::1 - - [10/Jun/2026 09:05:10] "GET /style.css HTTP/1.1" 200 -
::1 - - [10/Jun/2026 09:05:10] "GET /script.js HTTP/1.1" 200 -
::1 - - [10/Jun/2026 09:05:49] "GET / HTTP/1.1" 200 -
::1 - - [10/Jun/2026 09:05:49] "GET /style.css HTTP/1.1" 200 -
::1 - - [10/Jun/2026 09:05:49] "GET /assets/studio-collage.png HTTP/1.1" 200 -
::1 - - [10/Jun/2026 09:05:49] "GET /script.js HTTP/1.1" 200 -
::1 - - [10/Jun/2026 09:09:03] "GET / HTTP/1.1" 200 -
::1 - - [10/Jun/2026 09:09:03] "GET /style.css HTTP/1.1" 200 -
::1 - - [10/Jun/2026 09:09:03] "GET /script.js HTTP/1.1" 304 -
::1 - - [10/Jun/2026 09:10:05] "GET / HTTP/1.1" 304 -
::1 - - [10/Jun/2026 09:10:05] "GET /style.css HTTP/1.1" 200 -
::1 - - [10/Jun/2026 09:10:05] "GET /script.js HTTP/1.1" 304 -
::1 - - [10/Jun/2026 09:12:03] "GET / HTTP/1.1" 304 -
::1 - - [10/Jun/2026 09:12:03] "GET /style.css HTTP/1.1" 200 -
::1 - - [10/Jun/2026 09:12:03] "GET /script.js HTTP/1.1" 304 -
::1 - - [10/Jun/2026 09:15:54] "GET / HTTP/1.1" 200 -
::1 - - [10/Jun/2026 09:15:54] "GET /style.css HTTP/1.1" 200 -
::1 - - [10/Jun/2026 09:15:54] "GET /assets/studio-collage.png HTTP/1.1" 200 -
::1 - - [10/Jun/2026 09:15:54] "GET /script.js HTTP/1.1" 200 -
::1 - - [10/Jun/2026 09:15:54] "GET /assets/fonts/BebasNeue-Regular.ttf HTTP/1.1" 200 -
::1 - - [10/Jun/2026 09:16:22] "GET / HTTP/1.1" 200 -
::1 - - [10/Jun/2026 09:16:22] "GET /style.css HTTP/1.1" 200 -
::1 - - [10/Jun/2026 09:16:22] "GET /assets/studio-collage.png HTTP/1.1" 200 -
::1 - - [10/Jun/2026 09:16:22] "GET /script.js HTTP/1.1" 200 -
::1 - - [10/Jun/2026 09:16:22] "GET /assets/fonts/BebasNeue-Regular.ttf HTTP/1.1" 200 -
::1 - - [10/Jun/2026 09:19:48] "GET / HTTP/1.1" 200 -
::1 - - [10/Jun/2026 09:19:48] "GET /style.css HTTP/1.1" 200 -
::1 - - [10/Jun/2026 09:19:48] "GET /script.js HTTP/1.1" 304 -
::1 - - [10/Jun/2026 09:19:48] "GET /assets/fonts/BebasNeue-Regular.ttf HTTP/1.1" 200 -
::1 - - [10/Jun/2026 09:20:19] "GET / HTTP/1.1" 200 -
::1 - - [10/Jun/2026 09:20:19] "GET /style.css HTTP/1.1" 304 -
::1 - - [10/Jun/2026 09:21:01] "GET / HTTP/1.1" 200 -
::1 - - [10/Jun/2026 09:21:01] "GET /style.css HTTP/1.1" 304 -
::1 - - [10/Jun/2026 09:21:01] "GET /assets/fonts/BebasNeue-Regular.ttf HTTP/1.1" 304 -
::1 - - [10/Jun/2026 09:21:14] "GET / HTTP/1.1" 200 -
::1 - - [10/Jun/2026 09:34:42] "GET / HTTP/1.1" 200 -
::1 - - [10/Jun/2026 09:34:42] "GET /style.css HTTP/1.1" 200 -
::1 - - [10/Jun/2026 09:34:42] "GET /assets/studio-collage.png HTTP/1.1" 200 -
::1 - - [10/Jun/2026 09:34:42] "GET /script.js HTTP/1.1" 200 -
::1 - - [10/Jun/2026 09:34:42] "GET /assets/fonts/BebasNeue-Regular.ttf HTTP/1.1" 200 -
::1 - - [10/Jun/2026 10:26:19] "GET / HTTP/1.1" 200 -
::1 - - [10/Jun/2026 10:26:19] "GET /style.css HTTP/1.1" 200 -
::1 - - [10/Jun/2026 10:26:19] "GET /assets/studio-collage.png HTTP/1.1" 200 -
::1 - - [10/Jun/2026 10:26:19] "GET /assets/primeiro-encontro.jpeg HTTP/1.1" 200 -
::1 - - [10/Jun/2026 10:26:19] "GET /script.js HTTP/1.1" 200 -
::1 - - [10/Jun/2026 10:26:19] "GET /assets/fonts/BebasNeue-Regular.ttf HTTP/1.1" 200 -
::1 - - [10/Jun/2026 10:26:54] "GET / HTTP/1.1" 200 -
::1 - - [10/Jun/2026 10:26:54] "GET /style.css HTTP/1.1" 200 -
::1 - - [10/Jun/2026 10:26:54] "GET /assets/studio-collage.png HTTP/1.1" 200 -
::1 - - [10/Jun/2026 10:26:54] "GET /assets/primeiro-encontro.jpeg HTTP/1.1" 200 -
::1 - - [10/Jun/2026 10:26:54] "GET /script.js HTTP/1.1" 200 -
::1 - - [10/Jun/2026 10:26:55] "GET /assets/fonts/BebasNeue-Regular.ttf HTTP/1.1" 200 -
::1 - - [10/Jun/2026 10:48:41] "GET / HTTP/1.1" 200 -
::1 - - [10/Jun/2026 10:48:41] "GET /style.css HTTP/1.1" 200 -
::1 - - [10/Jun/2026 10:48:41] "GET /assets/studio-collage.png HTTP/1.1" 200 -
::1 - - [10/Jun/2026 10:48:41] "GET /assets/primeiro-encontro.jpeg HTTP/1.1" 200 -
::1 - - [10/Jun/2026 10:48:41] "GET /script.js HTTP/1.1" 200 -
::1 - - [10/Jun/2026 10:48:41] "GET /assets/fonts/BebasNeue-Regular.ttf HTTP/1.1" 200 -
::1 - - [10/Jun/2026 11:03:18] "GET / HTTP/1.1" 304 -
::1 - - [10/Jun/2026 11:03:18] "GET /style.css HTTP/1.1" 200 -
::1 - - [10/Jun/2026 11:03:18] "GET /assets/primeiro-encontro.jpeg HTTP/1.1" 304 -
::1 - - [10/Jun/2026 11:03:18] "GET /script.js HTTP/1.1" 200 -
::1 - - [10/Jun/2026 11:03:18] "GET /assets/fonts/BebasNeue-Regular.ttf HTTP/1.1" 304 -
::1 - - [10/Jun/2026 11:03:59] "GET / HTTP/1.1" 304 -
::1 - - [10/Jun/2026 11:03:59] "GET /style.css HTTP/1.1" 304 -
::1 - - [10/Jun/2026 11:03:59] "GET /script.js HTTP/1.1" 304 -
::1 - - [10/Jun/2026 11:04:01] "GET /assets/segundo-encontro.jpeg HTTP/1.1" 200 -
::1 - - [10/Jun/2026 11:12:25] "GET / HTTP/1.1" 304 -
::1 - - [10/Jun/2026 11:12:25] "GET /style.css HTTP/1.1" 200 -
::1 - - [10/Jun/2026 11:12:25] "GET /assets/primeiro-encontro.jpeg HTTP/1.1" 304 -
::1 - - [10/Jun/2026 11:12:25] "GET /script.js HTTP/1.1" 200 -
::1 - - [10/Jun/2026 11:12:27] "GET /assets/terceiro-encontro.jpeg HTTP/1.1" 200 -
::1 - - [10/Jun/2026 11:14:16] "GET /style.css HTTP/1.1" 304 -
::1 - - [10/Jun/2026 11:14:16] "GET /script.js HTTP/1.1" 200 -
::1 - - [10/Jun/2026 11:14:17] "GET /assets/terceiro-encontro.jpeg HTTP/1.1" 304 -
::1 - - [10/Jun/2026 11:18:43] "GET / HTTP/1.1" 200 -
::1 - - [10/Jun/2026 11:18:43] "GET /style.css HTTP/1.1" 200 -
::1 - - [10/Jun/2026 11:18:43] "GET /assets/card-strategy.jpeg HTTP/1.1" 200 -
::1 - - [10/Jun/2026 11:18:43] "GET /assets/primeiro-encontro.jpeg HTTP/1.1" 304 -
::1 - - [10/Jun/2026 11:18:43] "GET /script.js HTTP/1.1" 200 -
::1 - - [10/Jun/2026 11:18:43] "GET /assets/fonts/BebasNeue-Regular.ttf HTTP/1.1" 304 -
::1 - - [10/Jun/2026 11:18:44] "GET /assets/segundo-encontro.jpeg HTTP/1.1" 304 -
::1 - - [10/Jun/2026 11:18:45] "GET /assets/terceiro-encontro.jpeg HTTP/1.1" 304 -
::ffff:127.0.0.1 - - [10/Jun/2026 11:21:38] "GET /index.html?check=lightbox HTTP/1.1" 200 -
::1 - - [10/Jun/2026 11:22:04] "GET /index.html?v=lightbox2 HTTP/1.1" 200 -
::1 - - [10/Jun/2026 11:22:04] "GET /style.css HTTP/1.1" 200 -
::1 - - [10/Jun/2026 11:22:04] "GET /assets/card-strategy.jpeg HTTP/1.1" 304 -
::1 - - [10/Jun/2026 11:22:04] "GET /script.js HTTP/1.1" 200 -
::1 - - [10/Jun/2026 11:24:02] "GET /index.html?v=cards-lightbox HTTP/1.1" 200 -
::1 - - [10/Jun/2026 11:24:02] "GET /style.css HTTP/1.1" 304 -
::1 - - [10/Jun/2026 11:24:02] "GET /assets/card-strategy.jpeg HTTP/1.1" 304 -
::1 - - [10/Jun/2026 11:24:02] "GET /script.js HTTP/1.1" 304 -
::1 - - [10/Jun/2026 11:24:56] "GET /index.html?v=cards-lightbox2 HTTP/1.1" 200 -
::1 - - [10/Jun/2026 11:24:56] "GET /assets/primeiro-encontro.jpeg HTTP/1.1" 304 -
::1 - - [10/Jun/2026 11:24:56] "GET /style.css HTTP/1.1" 304 -
::1 - - [10/Jun/2026 11:24:56] "GET /assets/card-strategy.jpeg HTTP/1.1" 304 -
::1 - - [10/Jun/2026 11:24:56] "GET /script.js HTTP/1.1" 304 -
::1 - - [10/Jun/2026 11:26:03] "GET /index.html?v=cards-lightbox3 HTTP/1.1" 200 -
::1 - - [10/Jun/2026 11:26:03] "GET /style.css HTTP/1.1" 200 -
::1 - - [10/Jun/2026 11:26:03] "GET /assets/card-strategy.jpeg HTTP/1.1" 304 -
::1 - - [10/Jun/2026 11:26:03] "GET /script.js HTTP/1.1" 304 -
::1 - - [10/Jun/2026 11:31:08] "GET /index.html?v=quarto-contain HTTP/1.1" 200 -
::1 - - [10/Jun/2026 11:31:08] "GET /style.css HTTP/1.1" 200 -
::1 - - [10/Jun/2026 11:31:08] "GET /assets/card-strategy.jpeg HTTP/1.1" 304 -
::1 - - [10/Jun/2026 11:31:08] "GET /script.js HTTP/1.1" 200 -
::1 - - [10/Jun/2026 11:31:10] "GET /assets/quarto-encontro.jpg HTTP/1.1" 200 -
::1 - - [10/Jun/2026 11:36:07] "GET /index.html?v=primeiro-pixel HTTP/1.1" 200 -
::1 - - [10/Jun/2026 11:36:07] "GET /style.css HTTP/1.1" 304 -
::1 - - [10/Jun/2026 11:36:07] "GET /assets/primeiro-encontro-pixel.jpeg HTTP/1.1" 200 -
::1 - - [10/Jun/2026 11:36:07] "GET /assets/card-strategy.jpeg HTTP/1.1" 304 -
::1 - - [10/Jun/2026 11:36:07] "GET /script.js HTTP/1.1" 200 -
::1 - - [10/Jun/2026 11:36:07] "GET /assets/fonts/BebasNeue-Regular.ttf HTTP/1.1" 304 -
::1 - - [10/Jun/2026 11:38:35] "GET /index.html?v=primeiro-pixel HTTP/1.1" 304 -
::1 - - [10/Jun/2026 11:38:35] "GET /style.css HTTP/1.1" 304 -
::1 - - [10/Jun/2026 11:38:35] "GET /assets/primeiro-encontro-pixel.jpeg HTTP/1.1" 304 -
::1 - - [10/Jun/2026 11:38:35] "GET /assets/card-strategy.jpeg HTTP/1.1" 304 -
::1 - - [10/Jun/2026 11:38:35] "GET /script.js HTTP/1.1" 200 -
::1 - - [10/Jun/2026 11:38:35] "GET /index.html?v=primeiro-pixel HTTP/1.1" 304 -
::1 - - [10/Jun/2026 11:52:42] "GET /index.html?v=center-work HTTP/1.1" 200 -
::1 - - [10/Jun/2026 11:52:42] "GET /style.css HTTP/1.1" 200 -
::1 - - [10/Jun/2026 11:52:42] "GET /assets/primeiro-encontro-pixel.jpeg HTTP/1.1" 304 -
::1 - - [10/Jun/2026 11:52:42] "GET /assets/card-strategy.jpeg HTTP/1.1" 304 -
::1 - - [10/Jun/2026 11:52:42] "GET /script.js HTTP/1.1" 200 -
::1 - - [10/Jun/2026 11:52:42] "GET /assets/fonts/BebasNeue-Regular.ttf HTTP/1.1" 304 -
::1 - - [10/Jun/2026 11:53:12] "GET /index.html?v=center-work2 HTTP/1.1" 200 -
::1 - - [10/Jun/2026 11:53:12] "GET /style.css HTTP/1.1" 200 -
::1 - - [10/Jun/2026 11:54:26] "GET /index.html?v=center-work3 HTTP/1.1" 200 -
::1 - - [10/Jun/2026 11:54:26] "GET /style.css HTTP/1.1" 200 -
::1 - - [10/Jun/2026 11:54:26] "GET /script.js HTTP/1.1" 200 -
::1 - - [10/Jun/2026 11:55:03] "GET /index.html?v=center-work4 HTTP/1.1" 200 -
::1 - - [10/Jun/2026 11:55:03] "GET /style.css HTTP/1.1" 200 -
::1 - - [10/Jun/2026 11:55:03] "GET /assets/primeiro-encontro-pixel.jpeg HTTP/1.1" 304 -
::1 - - [10/Jun/2026 11:55:03] "GET /script.js HTTP/1.1" 304 -
::1 - - [10/Jun/2026 12:01:37] "GET /index.html?v=cards-new-images HTTP/1.1" 200 -
::1 - - [10/Jun/2026 12:01:37] "GET /style.css HTTP/1.1" 304 -
::1 - - [10/Jun/2026 12:01:37] "GET /assets/primeiro-encontro-pixel.jpeg HTTP/1.1" 304 -
::1 - - [10/Jun/2026 12:01:37] "GET /assets/card-strategy.jpeg HTTP/1.1" 304 -
::1 - - [10/Jun/2026 12:01:37] "GET /assets/card-content.jpg HTTP/1.1" 200 -
::1 - - [10/Jun/2026 12:01:37] "GET /assets/card-art-direction.jpg HTTP/1.1" 200 -
::1 - - [10/Jun/2026 12:01:37] "GET /script.js HTTP/1.1" 304 -
::1 - - [10/Jun/2026 12:01:37] "GET /assets/card-launches.jpeg HTTP/1.1" 200 -
::1 - - [10/Jun/2026 12:08:25] "GET /index.html?v=hero-flores HTTP/1.1" 200 -
::1 - - [10/Jun/2026 12:08:25] "GET /style.css HTTP/1.1" 304 -
::1 - - [10/Jun/2026 12:08:25] "GET /assets/hero-flores.jpeg HTTP/1.1" 200 -
::1 - - [10/Jun/2026 12:08:25] "GET /assets/primeiro-encontro-pixel.jpeg HTTP/1.1" 304 -
::1 - - [10/Jun/2026 12:08:25] "GET /script.js HTTP/1.1" 304 -
::1 - - [10/Jun/2026 12:08:25] "GET /assets/card-content.jpg HTTP/1.1" 304 -
::1 - - [10/Jun/2026 12:08:25] "GET /assets/card-strategy.jpeg HTTP/1.1" 304 -
::1 - - [10/Jun/2026 12:08:25] "GET /assets/card-art-direction.jpg HTTP/1.1" 304 -
::1 - - [10/Jun/2026 12:08:25] "GET /assets/card-launches.jpeg HTTP/1.1" 304 -
